c:\code\core\lib\tmxparser\release\vc120.pdb
c:\code\core\lib\tmxparser\release\base64.obj
c:\code\core\lib\tmxparser\release\tinyxmlparser.obj
c:\code\core\lib\tmxparser\release\tinyxmlerror.obj
c:\code\core\lib\tmxparser\release\tinyxml.obj
c:\code\core\lib\tmxparser\release\tinystr.obj
c:\code\core\lib\tmxparser\release\tmxutil.obj
c:\code\core\lib\tmxparser\release\tmxtileset.obj
c:\code\core\lib\tmxparser\release\tmxtile.obj
c:\code\core\lib\tmxparser\release\tmxpropertyset.obj
c:\code\core\lib\tmxparser\release\tmxpolyline.obj
c:\code\core\lib\tmxparser\release\tmxpolygon.obj
c:\code\core\lib\tmxparser\release\tmxobjectgroup.obj
c:\code\core\lib\tmxparser\release\tmxobject.obj
c:\code\core\lib\tmxparser\release\tmxmap.obj
c:\code\core\lib\tmxparser\release\tmximagelayer.obj
c:\code\core\lib\tmxparser\release\tmxellipse.obj
c:\code\core\lib\tmxparser\release\tmxlayer.obj
c:\code\core\lib\tmxparser\release\tmximage.obj
c:\code\core\lib\tmxparser\release\zutil.obj
c:\code\core\lib\tmxparser\release\uncompr.obj
c:\code\core\lib\tmxparser\release\trees.obj
c:\code\core\lib\tmxparser\release\inftrees.obj
c:\code\core\lib\tmxparser\release\inflate.obj
c:\code\core\lib\tmxparser\release\inffast.obj
c:\code\core\lib\tmxparser\release\infback.obj
c:\code\core\lib\tmxparser\release\gzwrite.obj
c:\code\core\lib\tmxparser\release\gzread.obj
c:\code\core\lib\tmxparser\release\gzlib.obj
c:\code\core\lib\tmxparser\release\gzclose.obj
c:\code\core\lib\tmxparser\release\deflate.obj
c:\code\core\lib\tmxparser\release\crc32.obj
c:\code\core\lib\tmxparser\release\compress.obj
c:\code\core\lib\tmxparser\release\adler32.obj
c:\code\core\lib\tmxparser.lib
c:\code\core\lib\tmxparser\release\tmxparser.tlog\cl.command.1.tlog
c:\code\core\lib\tmxparser\release\tmxparser.tlog\cl.read.1.tlog
c:\code\core\lib\tmxparser\release\tmxparser.tlog\cl.write.1.tlog
c:\code\core\lib\tmxparser\release\tmxparser.tlog\lib-link.read.1.tlog
c:\code\core\lib\tmxparser\release\tmxparser.tlog\lib-link.write.1.tlog
c:\code\core\lib\tmxparser\release\tmxparser.tlog\lib.command.1.tlog
