Build started 4/23/2015 12:46:26 PM.
     1>Project "C:\code\core\lib\TmxParser\TmxParser.vcxproj" on node 2 (Rebuild target(s)).
     1>ClCompile:
         C:\Program Files (x86)\Microsoft Visual Studio 12.0\VC\bin\CL.exe /c /IC:\code\core\lib\TmxParser\zlib /IC:\code\core\lib\TmxParser\tinyxml /Zi /nologo /W3 /WX- /O2 /Oi /Oy- /GL /D NULL=0 /D _CRT_SECURE_NO_WARNINGS /D _CRT_NONSTDC_NO_WARNINGS /D _MBCS /Gm- /EHsc /MD /GS /Gy /fp:precise /Zc:wchar_t /Zc:forScope /Fo"Release\\" /Fd"Release\vc120.pdb" /Gd /TP /analyze- /errorReport:prompt TmxImage.cpp TmxLayer.cpp TmxEllipse.cpp TmxImageLayer.cpp TmxMap.cpp TmxObject.cpp TmxObjectGroup.cpp TmxPolygon.cpp TmxPolyline.cpp TmxPropertySet.cpp TmxTile.cpp TmxTileset.cpp TmxUtil.cpp tinyxml\tinystr.cpp tinyxml\tinyxml.cpp tinyxml\tinyxmlerror.cpp tinyxml\tinyxmlparser.cpp base64\base64.cpp
         TmxImage.cpp
         TmxLayer.cpp
         TmxEllipse.cpp
         TmxImageLayer.cpp
         TmxMap.cpp
         TmxObject.cpp
         TmxObjectGroup.cpp
         TmxPolygon.cpp
         TmxPolyline.cpp
         TmxPropertySet.cpp
         TmxTile.cpp
         TmxTileset.cpp
         TmxUtil.cpp
         tinystr.cpp
         tinyxml.cpp
         tinyxmlerror.cpp
         tinyxmlparser.cpp
         base64.cpp
         C:\Program Files (x86)\Microsoft Visual Studio 12.0\VC\bin\CL.exe /c /IC:\code\core\lib\TmxParser\zlib /IC:\code\core\lib\TmxParser\tinyxml /Zi /nologo /W3 /WX- /O2 /Oi /Oy- /GL /D NULL=0 /D _CRT_SECURE_NO_WARNINGS /D _CRT_NONSTDC_NO_WARNINGS /D _MBCS /Gm- /EHsc /MD /GS /Gy /fp:precise /Zc:wchar_t /Zc:forScope /Fo"Release\\" /Fd"Release\vc120.pdb" /Gd /TC /analyze- /errorReport:prompt zlib\adler32.c zlib\compress.c zlib\crc32.c zlib\deflate.c zlib\gzclose.c zlib\gzlib.c zlib\gzread.c zlib\gzwrite.c zlib\infback.c zlib\inffast.c zlib\inflate.c zlib\inftrees.c zlib\trees.c zlib\uncompr.c zlib\zutil.c
         adler32.c
         compress.c
         crc32.c
         deflate.c
         gzclose.c
         gzlib.c
         gzread.c
         gzwrite.c
         infback.c
         inffast.c
         inflate.c
         inftrees.c
         trees.c
         uncompr.c
         zutil.c
       Lib:
         C:\Program Files (x86)\Microsoft Visual Studio 12.0\VC\bin\Lib.exe /OUT:"C:\code\core\lib\TmxParser.lib" /NOLOGO /LTCG Release\TmxImage.obj
         Release\TmxLayer.obj
         Release\TmxEllipse.obj
         Release\TmxImageLayer.obj
         Release\TmxMap.obj
         Release\TmxObject.obj
         Release\TmxObjectGroup.obj
         Release\TmxPolygon.obj
         Release\TmxPolyline.obj
         Release\TmxPropertySet.obj
         Release\TmxTile.obj
         Release\TmxTileset.obj
         Release\TmxUtil.obj
         Release\tinystr.obj
         Release\tinyxml.obj
         Release\tinyxmlerror.obj
         Release\tinyxmlparser.obj
         Release\base64.obj
         Release\adler32.obj
         Release\compress.obj
         Release\crc32.obj
         Release\deflate.obj
         Release\gzclose.obj
         Release\gzlib.obj
         Release\gzread.obj
         Release\gzwrite.obj
         Release\infback.obj
         Release\inffast.obj
         Release\inflate.obj
         Release\inftrees.obj
         Release\trees.obj
         Release\uncompr.obj
         Release\zutil.obj
         TmxParser.vcxproj -> C:\code\core\lib\TmxParser.lib
     1>Done Building Project "C:\code\core\lib\TmxParser\TmxParser.vcxproj" (Rebuild target(s)).

Build succeeded.

Time Elapsed 00:00:06.90
