c:\code\core\engine\obj\vc120.pdb
c:\code\core\engine\obj\vc120.idb
c:\code\core\engine\obj\mouseevent.obj
c:\code\core\engine\obj\orientationchangeevent.obj
c:\code\core\engine\obj\particlesystem2d.obj
c:\code\core\engine\obj\physicssystem.obj
c:\code\core\engine\obj\positionchangeevent.obj
c:\code\core\engine\obj\renderablesystem2d.obj
c:\code\core\engine\obj\renderedtexttoken.obj
c:\code\core\engine\obj\renderer.obj
c:\code\core\engine\obj\renderer2d.obj
c:\code\core\engine\obj\resourcemanager.obj
c:\code\core\engine\obj\shadermanager.obj
c:\code\core\engine\obj\shaderprogram.obj
c:\code\core\engine\obj\system.obj
c:\code\core\engine\obj\textcontentchange.obj
c:\code\core\engine\obj\textrendersystem2d.obj
c:\code\core\engine\obj\texture.obj
c:\code\core\engine\obj\texturechangeevent.obj
c:\code\core\engine\obj\texturerendersystem2d.obj
c:\code\core\engine\obj\vertexarrayobject.obj
c:\code\core\engine\obj\world.obj
c:\code\core\engine\obj\dimensionchangeevent.obj
c:\code\core\engine\obj\entitiesinrectquery.obj
c:\code\core\engine\obj\entitylayerquery.obj
c:\code\core\engine\obj\entitypositionquery.obj
c:\code\core\engine\obj\event.obj
c:\code\core\engine\obj\eventfilter.obj
c:\code\core\engine\obj\eventprocessor.obj
c:\code\core\engine\obj\facetdimensionquery.obj
c:\code\core\engine\obj\facetpauseevent.obj
c:\code\core\engine\obj\font.obj
c:\code\core\engine\obj\interface.obj
c:\code\core\engine\obj\linearparticlefield.obj
c:\code\core\engine\obj\luacursor.obj
c:\code\core\engine\obj\luafunction.obj
c:\code\core\engine\obj\lualist.obj
c:\code\core\engine\obj\luamap.obj
c:\code\core\engine\obj\luastate.obj
c:\code\core\engine\obj\luatable.obj
c:\code\core\engine\obj\main.obj
c:\code\core\engine\obj\map.obj
c:\code\core\engine\obj\animation.obj
c:\code\core\engine\obj\animationchangeevent.obj
c:\code\core\engine\obj\animationsystem2d.obj
c:\code\core\engine\obj\basicpositionsystem2d.obj
c:\code\core\engine\obj\camera.obj
c:\code\core\engine\obj\camera2d.obj
c:\code\core\engine\obj\colorchangeevent.obj
c:\code\core\engine\obj\console.obj
c:\code\core\engine\obj\core.obj
c:\code\core\engine\obj\colormodulationevent.obj
c:\code\core\engine\obj\offsetchangeevent.obj
c:\code\core\engine\obj\primitiverendersystem2d.obj
c:\code\core\engine\obj\scalechangeevent.obj
c:\code\core\engine\obj\textcontentchangeevent.obj
c:\code\core\engine\bin\core.ilk
c:\code\core\engine\bin\core.exe
c:\code\core\engine\bin\core.pdb
c:\code\core\engine\obj\core.vcxprojresolveassemblyreference.cache
c:\code\core\engine\obj\core.tlog\cl.command.1.tlog
c:\code\core\engine\obj\core.tlog\cl.read.1.tlog
c:\code\core\engine\obj\core.tlog\cl.write.1.tlog
c:\code\core\engine\obj\core.tlog\link.command.1.tlog
c:\code\core\engine\obj\core.tlog\link.read.1.tlog
c:\code\core\engine\obj\core.tlog\link.write.1.tlog
