c:\code\arbor\tmxparser\debug\vc120.pdb
c:\code\arbor\tmxparser\debug\vc120.idb
c:\code\arbor\tmxparser\debug\tmximage.obj
c:\code\arbor\tmxparser\debug\tmxlayer.obj
c:\code\arbor\tmxparser\debug\tmxellipse.obj
c:\code\arbor\tmxparser\debug\tmximagelayer.obj
c:\code\arbor\tmxparser\debug\tmxmap.obj
c:\code\arbor\tmxparser\debug\tmxobject.obj
c:\code\arbor\tmxparser\debug\tmxobjectgroup.obj
c:\code\arbor\tmxparser\debug\tmxpolygon.obj
c:\code\arbor\tmxparser\debug\tmxpolyline.obj
c:\code\arbor\tmxparser\debug\tmxpropertyset.obj
c:\code\arbor\tmxparser\debug\tmxtile.obj
c:\code\arbor\tmxparser\debug\tmxtileset.obj
c:\code\arbor\tmxparser\debug\tmxutil.obj
c:\code\arbor\tmxparser\debug\tinystr.obj
c:\code\arbor\tmxparser\debug\tinyxml.obj
c:\code\arbor\tmxparser\debug\tinyxmlerror.obj
c:\code\arbor\tmxparser\debug\tinyxmlparser.obj
c:\code\arbor\tmxparser\debug\base64.obj
c:\code\arbor\tmxparser\debug\adler32.obj
c:\code\arbor\tmxparser\debug\compress.obj
c:\code\arbor\tmxparser\debug\crc32.obj
c:\code\arbor\tmxparser\debug\deflate.obj
c:\code\arbor\tmxparser\debug\gzclose.obj
c:\code\arbor\tmxparser\debug\gzlib.obj
c:\code\arbor\tmxparser\debug\gzread.obj
c:\code\arbor\tmxparser\debug\gzwrite.obj
c:\code\arbor\tmxparser\debug\infback.obj
c:\code\arbor\tmxparser\debug\inffast.obj
c:\code\arbor\tmxparser\debug\inflate.obj
c:\code\arbor\tmxparser\debug\inftrees.obj
c:\code\arbor\tmxparser\debug\trees.obj
c:\code\arbor\tmxparser\debug\uncompr.obj
c:\code\arbor\tmxparser\debug\zutil.obj
c:\code\core\lib\tmxparser\debug\vc120.pdb
c:\code\core\lib\tmxparser\debug\vc120.idb
c:\code\core\lib\tmxparser\debug\tmximage.obj
c:\code\core\lib\tmxparser\debug\tmxlayer.obj
c:\code\core\lib\tmxparser\debug\tmxellipse.obj
c:\code\core\lib\tmxparser\debug\tmximagelayer.obj
c:\code\core\lib\tmxparser\debug\tmxmap.obj
c:\code\core\lib\tmxparser\debug\tmxobject.obj
c:\code\core\lib\tmxparser\debug\tmxobjectgroup.obj
c:\code\core\lib\tmxparser\debug\tmxpolygon.obj
c:\code\core\lib\tmxparser\debug\tmxpolyline.obj
c:\code\core\lib\tmxparser\debug\tmxpropertyset.obj
c:\code\core\lib\tmxparser\debug\tmxtile.obj
c:\code\core\lib\tmxparser\debug\tmxtileset.obj
c:\code\core\lib\tmxparser\debug\tmxutil.obj
c:\code\core\lib\tmxparser\debug\tinystr.obj
c:\code\core\lib\tmxparser\debug\tinyxml.obj
c:\code\core\lib\tmxparser\debug\tinyxmlerror.obj
c:\code\core\lib\tmxparser\debug\tinyxmlparser.obj
c:\code\core\lib\tmxparser\debug\base64.obj
c:\code\core\lib\tmxparser\debug\adler32.obj
c:\code\core\lib\tmxparser\debug\compress.obj
c:\code\core\lib\tmxparser\debug\crc32.obj
c:\code\core\lib\tmxparser\debug\deflate.obj
c:\code\core\lib\tmxparser\debug\gzclose.obj
c:\code\core\lib\tmxparser\debug\gzlib.obj
c:\code\core\lib\tmxparser\debug\gzread.obj
c:\code\core\lib\tmxparser\debug\gzwrite.obj
c:\code\core\lib\tmxparser\debug\infback.obj
c:\code\core\lib\tmxparser\debug\inffast.obj
c:\code\core\lib\tmxparser\debug\inflate.obj
c:\code\core\lib\tmxparser\debug\inftrees.obj
c:\code\core\lib\tmxparser\debug\trees.obj
c:\code\core\lib\tmxparser\debug\uncompr.obj
c:\code\core\lib\tmxparser\debug\zutil.obj
c:\code\arbor\lib\tmxparserd.lib
c:\code\core\lib\tmxparserd.lib
c:\code\core\lib\tmxparser.lib
c:\code\core\lib\tmxparser\debug\tmxparser.tlog\cl.command.1.tlog
c:\code\core\lib\tmxparser\debug\tmxparser.tlog\cl.read.1.tlog
c:\code\core\lib\tmxparser\debug\tmxparser.tlog\cl.write.1.tlog
c:\code\core\lib\tmxparser\debug\tmxparser.tlog\lib-link.read.1.tlog
c:\code\core\lib\tmxparser\debug\tmxparser.tlog\lib-link.write.1.tlog
c:\code\core\lib\tmxparser\debug\tmxparser.tlog\lib.command.1.tlog
