Build started 3/2/2016 10:27:47 AM.
     1>Project "C:\code\core\lib\TmxParser\TmxParser.vcxproj" on node 3 (Build target(s)).
     1>C:\Program Files (x86)\MSBuild\Microsoft.Cpp\v4.0\V120\Microsoft.CppBuild.targets(1354,5): warning MSB8012: TargetPath(C:\code\core\lib\TmxParser.lib) does not match the Library's OutputFile property value (C:\code\core\lib\TmxParserd.lib). This may cause your project to build incorrectly. To correct this, please make sure that $(OutDir), $(TargetName) and $(TargetExt) property values match the value specified in %(Lib.OutputFile).
     1>C:\Program Files (x86)\MSBuild\Microsoft.Cpp\v4.0\V120\Microsoft.CppBuild.targets(1356,5): warning MSB8012: TargetName(TmxParser) does not match the Library's OutputFile property value (TmxParserd). This may cause your project to build incorrectly. To correct this, please make sure that $(OutDir), $(TargetName) and $(TargetExt) property values match the value specified in %(Lib.OutputFile).
     1>Lib:
         C:\Program Files (x86)\Microsoft Visual Studio 12.0\VC\bin\Lib.exe /OUT:"C:\code\core\lib\TmxParserd.lib" /NOLOGO Debug\TmxImage.obj
         Debug\TmxLayer.obj
         Debug\TmxEllipse.obj
         Debug\TmxImageLayer.obj
         Debug\TmxMap.obj
         Debug\TmxObject.obj
         Debug\TmxObjectGroup.obj
         Debug\TmxPolygon.obj
         Debug\TmxPolyline.obj
         Debug\TmxPropertySet.obj
         Debug\TmxTile.obj
         Debug\TmxTileset.obj
         Debug\TmxUtil.obj
         Debug\tinystr.obj
         Debug\tinyxml.obj
         Debug\tinyxmlerror.obj
         Debug\tinyxmlparser.obj
         Debug\base64.obj
         Debug\adler32.obj
         Debug\compress.obj
         Debug\crc32.obj
         Debug\deflate.obj
         Debug\gzclose.obj
         Debug\gzlib.obj
         Debug\gzread.obj
         Debug\gzwrite.obj
         Debug\infback.obj
         Debug\inffast.obj
         Debug\inflate.obj
         Debug\inftrees.obj
         Debug\trees.obj
         Debug\uncompr.obj
         Debug\zutil.obj
         TmxParser.vcxproj -> C:\code\core\lib\TmxParser.lib
     1>Done Building Project "C:\code\core\lib\TmxParser\TmxParser.vcxproj" (Build target(s)).

Build succeeded.

Time Elapsed 00:00:01.93
