c:\code\arbor\core\debug\vc120.pdb
c:\code\arbor\core\debug\vc120.idb
c:\code\arbor\core\debug\orientationchangeevent.obj
c:\code\arbor\core\debug\particlesystem.obj
c:\code\arbor\core\debug\physicssystem.obj
c:\code\arbor\core\debug\positionchangeevent.obj
c:\code\arbor\core\debug\renderablesystem.obj
c:\code\arbor\core\debug\renderedtexttoken.obj
c:\code\arbor\core\debug\renderer.obj
c:\code\arbor\core\debug\resource.obj
c:\code\arbor\core\debug\resourcemanager.obj
c:\code\arbor\core\debug\runtimecontext.obj
c:\code\arbor\core\debug\sdlevent.obj
c:\code\arbor\core\debug\sound.obj
c:\code\arbor\core\debug\system.obj
c:\code\arbor\core\debug\textcontentchange.obj
c:\code\arbor\core\debug\textrendersystem.obj
c:\code\arbor\core\debug\texture.obj
c:\code\arbor\core\debug\texturechangeevent.obj
c:\code\arbor\core\debug\texturerendersystem.obj
c:\code\arbor\core\debug\velocitychangeevent.obj
c:\code\arbor\core\debug\world.obj
c:\code\arbor\core\debug\eventlistener.obj
c:\code\arbor\core\debug\eventprocessor.obj
c:\code\arbor\core\debug\facetpauseevent.obj
c:\code\arbor\core\debug\font.obj
c:\code\arbor\core\debug\gamepadevent.obj
c:\code\arbor\core\debug\interface.obj
c:\code\arbor\core\debug\keyboardevent.obj
c:\code\arbor\core\debug\linearparticlefield.obj
c:\code\arbor\core\debug\luabindregistry.obj
c:\code\arbor\core\debug\luafunction.obj
c:\code\arbor\core\debug\lualist.obj
c:\code\arbor\core\debug\luamap.obj
c:\code\arbor\core\debug\luastate.obj
c:\code\arbor\core\debug\luatable.obj
c:\code\arbor\core\debug\main.obj
c:\code\arbor\core\debug\map.obj
c:\code\arbor\core\debug\mouseevent.obj
c:\code\arbor\core\debug\music.obj
c:\code\arbor\core\debug\objectcollisionquery.obj
c:\code\arbor\core\debug\objectinteractionevent.obj
c:\code\arbor\core\debug\animation.obj
c:\code\arbor\core\debug\animationchangeevent.obj
c:\code\arbor\core\debug\animationframe.obj
c:\code\arbor\core\debug\animationset.obj
c:\code\arbor\core\debug\animationsystem.obj
c:\code\arbor\core\debug\basicpositionsystem.obj
c:\code\arbor\core\debug\camera.obj
c:\code\arbor\core\debug\colorchangeevent.obj
c:\code\arbor\core\debug\colorcycleevent.obj
c:\code\arbor\core\debug\colorstatechange.obj
c:\code\arbor\core\debug\console.obj
c:\code\arbor\core\debug\core.obj
c:\code\arbor\core\debug\debugconsolewindow.obj
c:\code\arbor\core\debug\debugevent.obj
c:\code\arbor\core\debug\dimensionchangeevent.obj
c:\code\arbor\core\debug\entitiesinrectquery.obj
c:\code\arbor\core\debug\entitylayerquery.obj
c:\code\arbor\core\debug\entitypositionquery.obj
c:\code\arbor\core\debug\event.obj
c:\code\arbor\core\debug\eventfilter.obj
c:\code\arbor\core\debug\accelerationchangeevent.obj
c:\code\arbor\core\debug\facetdimensionquery.obj
c:\code\arbor\debug\core.ilk
c:\code\arbor\debug\core.exe
c:\code\arbor\debug\core.pdb
c:\code\arbor\core\debug\core.vcxprojresolveassemblyreference.cache
c:\code\arbor\core\debug\core.tlog\cl.command.1.tlog
c:\code\arbor\core\debug\core.tlog\cl.read.1.tlog
c:\code\arbor\core\debug\core.tlog\cl.write.1.tlog
c:\code\arbor\core\debug\core.tlog\link.command.1.tlog
c:\code\arbor\core\debug\core.tlog\link.read.1.tlog
c:\code\arbor\core\debug\core.tlog\link.write.1.tlog
