c:\code\arbor\lua5.2.2\debug\vc120.pdb
c:\code\arbor\lua5.2.2\debug\vc120.idb
c:\code\arbor\lua5.2.2\debug\linit.obj
c:\code\arbor\lua5.2.2\debug\liolib.obj
c:\code\arbor\lua5.2.2\debug\llex.obj
c:\code\arbor\lua5.2.2\debug\lmathlib.obj
c:\code\arbor\lua5.2.2\debug\lmem.obj
c:\code\arbor\lua5.2.2\debug\loadlib.obj
c:\code\arbor\lua5.2.2\debug\lobject.obj
c:\code\arbor\lua5.2.2\debug\lopcodes.obj
c:\code\arbor\lua5.2.2\debug\loslib.obj
c:\code\arbor\lua5.2.2\debug\lparser.obj
c:\code\arbor\lua5.2.2\debug\lstate.obj
c:\code\arbor\lua5.2.2\debug\lstring.obj
c:\code\arbor\lua5.2.2\debug\lstrlib.obj
c:\code\arbor\lua5.2.2\debug\ltable.obj
c:\code\arbor\lua5.2.2\debug\ltablib.obj
c:\code\arbor\lua5.2.2\debug\ltm.obj
c:\code\arbor\lua5.2.2\debug\lua.obj
c:\code\arbor\lua5.2.2\debug\lundump.obj
c:\code\arbor\lua5.2.2\debug\lvm.obj
c:\code\arbor\lua5.2.2\debug\lzio.obj
c:\code\arbor\lua5.2.2\debug\lapi.obj
c:\code\arbor\lua5.2.2\debug\lauxlib.obj
c:\code\arbor\lua5.2.2\debug\lbaselib.obj
c:\code\arbor\lua5.2.2\debug\lbitlib.obj
c:\code\arbor\lua5.2.2\debug\lcode.obj
c:\code\arbor\lua5.2.2\debug\lcorolib.obj
c:\code\arbor\lua5.2.2\debug\lctype.obj
c:\code\arbor\lua5.2.2\debug\ldblib.obj
c:\code\arbor\lua5.2.2\debug\ldebug.obj
c:\code\arbor\lua5.2.2\debug\ldo.obj
c:\code\arbor\lua5.2.2\debug\ldump.obj
c:\code\arbor\lua5.2.2\debug\lfunc.obj
c:\code\arbor\lua5.2.2\debug\lgc.obj
c:\code\core\lib\lua5.2.2\debug\vc120.pdb
c:\code\core\lib\lua5.2.2\debug\vc120.idb
c:\code\core\lib\lua5.2.2\debug\linit.obj
c:\code\core\lib\lua5.2.2\debug\liolib.obj
c:\code\core\lib\lua5.2.2\debug\llex.obj
c:\code\core\lib\lua5.2.2\debug\lmathlib.obj
c:\code\core\lib\lua5.2.2\debug\lmem.obj
c:\code\core\lib\lua5.2.2\debug\loadlib.obj
c:\code\core\lib\lua5.2.2\debug\lobject.obj
c:\code\core\lib\lua5.2.2\debug\lopcodes.obj
c:\code\core\lib\lua5.2.2\debug\loslib.obj
c:\code\core\lib\lua5.2.2\debug\lparser.obj
c:\code\core\lib\lua5.2.2\debug\lstate.obj
c:\code\core\lib\lua5.2.2\debug\lstring.obj
c:\code\core\lib\lua5.2.2\debug\lstrlib.obj
c:\code\core\lib\lua5.2.2\debug\ltable.obj
c:\code\core\lib\lua5.2.2\debug\ltablib.obj
c:\code\core\lib\lua5.2.2\debug\ltm.obj
c:\code\core\lib\lua5.2.2\debug\lua.obj
c:\code\core\lib\lua5.2.2\debug\lundump.obj
c:\code\core\lib\lua5.2.2\debug\lvm.obj
c:\code\core\lib\lua5.2.2\debug\lzio.obj
c:\code\core\lib\lua5.2.2\debug\lapi.obj
c:\code\core\lib\lua5.2.2\debug\lauxlib.obj
c:\code\core\lib\lua5.2.2\debug\lbaselib.obj
c:\code\core\lib\lua5.2.2\debug\lbitlib.obj
c:\code\core\lib\lua5.2.2\debug\lcode.obj
c:\code\core\lib\lua5.2.2\debug\lcorolib.obj
c:\code\core\lib\lua5.2.2\debug\lctype.obj
c:\code\core\lib\lua5.2.2\debug\ldblib.obj
c:\code\core\lib\lua5.2.2\debug\ldebug.obj
c:\code\core\lib\lua5.2.2\debug\ldo.obj
c:\code\core\lib\lua5.2.2\debug\ldump.obj
c:\code\core\lib\lua5.2.2\debug\lfunc.obj
c:\code\core\lib\lua5.2.2\debug\lgc.obj
c:\code\arbor\debug\lua5.2.2.lib
c:\code\core\lib\lua5.2.2.lib
c:\code\core\lib\lua5.2.2\debug\lua5.2.2.tlog\cl.command.1.tlog
c:\code\core\lib\lua5.2.2\debug\lua5.2.2.tlog\cl.read.1.tlog
c:\code\core\lib\lua5.2.2\debug\lua5.2.2.tlog\cl.write.1.tlog
c:\code\core\lib\lua5.2.2\debug\lua5.2.2.tlog\lib-link.read.1.tlog
c:\code\core\lib\lua5.2.2\debug\lua5.2.2.tlog\lib-link.write.1.tlog
c:\code\core\lib\lua5.2.2\debug\lua5.2.2.tlog\lib.command.1.tlog
